#-----------------------------------------------------------
# Vivado v2020.2 (64-bit)
# SW Build 3064766 on Wed Nov 18 09:12:45 MST 2020
# IP Build 3064653 on Wed Nov 18 14:17:31 MST 2020
# Start of session at: Sun Dec  1 17:25:49 2024
# Process ID: 9124
# Current directory: R:/Desktop/SED2/VGA
# Command line: vivado.exe -gui_launcher_event rodinguilauncherevent7556 R:\Desktop\SED2\VGA\VGA.xpr
# Log file: R:/Desktop/SED2/VGA/vivado.log
# Journal file: R:/Desktop/SED2/VGA\vivado.jou
#-----------------------------------------------------------
start_gui
open_project R:/Desktop/SED2/VGA/VGA.xpr
WARNING: [filemgmt 56-3] Default IP Output Path : Could not find the directory 'R:/Desktop/SED2/VGA/VGA.gen/sources_1'.
Scanning sources...
Finished scanning sources
INFO: [IP_Flow 19-234] Refreshing IP repositories
INFO: [IP_Flow 19-1704] No user IP repositories specified
INFO: [IP_Flow 19-2313] Loaded Vivado IP repository 'C:/Xilinx/Vivado/2020.2/data/ip'.
open_project: Time (s): cpu = 00:00:28 ; elapsed = 00:00:27 . Memory (MB): peak = 1088.102 ; gain = 0.000
update_compile_order -fileset sources_1
reset_run synth_1
reset_runs: Time (s): cpu = 00:00:03 ; elapsed = 00:00:12 . Memory (MB): peak = 1088.102 ; gain = 0.000
launch_runs impl_1 -to_step write_bitstream -jobs 4
[Sun Dec  1 18:14:53 2024] Launched synth_1...
Run output will be captured here: R:/Desktop/SED2/VGA/impl_1/synth_1/runme.log
[Sun Dec  1 18:14:53 2024] Launched impl_1...
Run output will be captured here: R:/Desktop/SED2/VGA/VGA.runs/impl_1/runme.log
launch_runs: Time (s): cpu = 00:00:03 ; elapsed = 00:00:08 . Memory (MB): peak = 1088.102 ; gain = 0.000
reset_run synth_1
WARNING: [Vivado 12-1017] Problems encountered:
1. Failed to delete one or more files in run directory R:/Desktop/SED2/VGA/impl_1/synth_1

reset_runs: Time (s): cpu = 00:00:01 ; elapsed = 00:00:08 . Memory (MB): peak = 1088.102 ; gain = 0.000
launch_runs impl_1 -to_step write_bitstream -jobs 4
[Sun Dec  1 18:15:57 2024] Launched synth_1...
Run output will be captured here: R:/Desktop/SED2/VGA/VGA.runs/synth_1/runme.log
[Sun Dec  1 18:15:57 2024] Launched impl_1...
Run output will be captured here: R:/Desktop/SED2/VGA/VGA.runs/impl_1/runme.log
launch_runs: Time (s): cpu = 00:00:01 ; elapsed = 00:00:07 . Memory (MB): peak = 1088.102 ; gain = 0.000
reset_run synth_1
reset_runs: Time (s): cpu = 00:00:01 ; elapsed = 00:00:08 . Memory (MB): peak = 1088.102 ; gain = 0.000
launch_runs impl_1 -to_step write_bitstream -jobs 4
[Sun Dec  1 18:31:05 2024] Launched synth_1...
Run output will be captured here: R:/Desktop/SED2/VGA/VGA.runs/synth_1/runme.log
[Sun Dec  1 18:31:05 2024] Launched impl_1...
Run output will be captured here: R:/Desktop/SED2/VGA/VGA.runs/impl_1/runme.log
launch_runs: Time (s): cpu = 00:00:00 ; elapsed = 00:00:05 . Memory (MB): peak = 1088.102 ; gain = 0.000
update_compile_order -fileset sources_1
reset_run synth_1
reset_runs: Time (s): cpu = 00:00:01 ; elapsed = 00:00:10 . Memory (MB): peak = 1088.102 ; gain = 0.000
launch_runs impl_1 -to_step write_bitstream -jobs 4
[Sun Dec  1 19:06:17 2024] Launched synth_1...
Run output will be captured here: R:/Desktop/SED2/VGA/VGA.runs/synth_1/runme.log
[Sun Dec  1 19:06:17 2024] Launched impl_1...
Run output will be captured here: R:/Desktop/SED2/VGA/VGA.runs/impl_1/runme.log
launch_runs: Time (s): cpu = 00:00:01 ; elapsed = 00:00:07 . Memory (MB): peak = 1088.102 ; gain = 0.000
update_compile_order -fileset sources_1
reset_run synth_1
reset_runs: Time (s): cpu = 00:00:00 ; elapsed = 00:00:08 . Memory (MB): peak = 1088.102 ; gain = 0.000
launch_runs impl_1 -to_step write_bitstream -jobs 4
[Sun Dec  1 19:11:19 2024] Launched synth_1...
Run output will be captured here: R:/Desktop/SED2/VGA/VGA.runs/synth_1/runme.log
[Sun Dec  1 19:11:19 2024] Launched impl_1...
Run output will be captured here: R:/Desktop/SED2/VGA/VGA.runs/impl_1/runme.log
launch_runs: Time (s): cpu = 00:00:01 ; elapsed = 00:00:07 . Memory (MB): peak = 1088.102 ; gain = 0.000
reset_run synth_1
reset_runs: Time (s): cpu = 00:00:01 ; elapsed = 00:00:10 . Memory (MB): peak = 1088.102 ; gain = 0.000
launch_runs impl_1 -to_step write_bitstream -jobs 4
[Sun Dec  1 19:12:45 2024] Launched synth_1...
Run output will be captured here: R:/Desktop/SED2/VGA/VGA.runs/synth_1/runme.log
[Sun Dec  1 19:12:46 2024] Launched impl_1...
Run output will be captured here: R:/Desktop/SED2/VGA/VGA.runs/impl_1/runme.log
launch_runs: Time (s): cpu = 00:00:00 ; elapsed = 00:00:07 . Memory (MB): peak = 1088.102 ; gain = 0.000
reset_run synth_1
reset_runs: Time (s): cpu = 00:00:01 ; elapsed = 00:00:09 . Memory (MB): peak = 1088.102 ; gain = 0.000
launch_runs impl_1 -to_step write_bitstream -jobs 4
[Sun Dec  1 19:23:11 2024] Launched synth_1...
Run output will be captured here: R:/Desktop/SED2/VGA/VGA.runs/synth_1/runme.log
[Sun Dec  1 19:23:11 2024] Launched impl_1...
Run output will be captured here: R:/Desktop/SED2/VGA/VGA.runs/impl_1/runme.log
launch_runs: Time (s): cpu = 00:00:01 ; elapsed = 00:00:10 . Memory (MB): peak = 1088.102 ; gain = 0.000
reset_run impl_1
reset_runs: Time (s): cpu = 00:00:04 ; elapsed = 00:00:09 . Memory (MB): peak = 1088.102 ; gain = 0.000
reset_run synth_1
launch_runs impl_1 -to_step write_bitstream -jobs 4
[Sun Dec  1 19:27:26 2024] Launched synth_1...
Run output will be captured here: R:/Desktop/SED2/VGA/VGA.runs/synth_1/runme.log
[Sun Dec  1 19:27:26 2024] Launched impl_1...
Run output will be captured here: R:/Desktop/SED2/VGA/VGA.runs/impl_1/runme.log
launch_runs: Time (s): cpu = 00:00:01 ; elapsed = 00:00:06 . Memory (MB): peak = 1088.102 ; gain = 0.000
