#-----------------------------------------------------------
# Vivado v2020.2 (64-bit)
# SW Build 3064766 on Wed Nov 18 09:12:45 MST 2020
# IP Build 3064653 on Wed Nov 18 14:17:31 MST 2020
# Start of session at: Mon Dec  2 11:20:55 2024
# Process ID: 6688
# Current directory: R:/Desktop/SED2/VGA
# Command line: vivado.exe -gui_launcher_event rodinguilauncherevent6924 R:\Desktop\SED2\VGA\VGA.xpr
# Log file: R:/Desktop/SED2/VGA/vivado.log
# Journal file: R:/Desktop/SED2/VGA\vivado.jou
#-----------------------------------------------------------
start_gui
open_project R:/Desktop/SED2/VGA/VGA.xpr
WARNING: [filemgmt 56-3] Default IP Output Path : Could not find the directory 'R:/Desktop/SED2/VGA/VGA.gen/sources_1'.
Scanning sources...
Finished scanning sources
INFO: [IP_Flow 19-234] Refreshing IP repositories
INFO: [IP_Flow 19-1704] No user IP repositories specified
INFO: [IP_Flow 19-2313] Loaded Vivado IP repository 'C:/Xilinx/Vivado/2020.2/data/ip'.
open_project: Time (s): cpu = 00:00:23 ; elapsed = 00:00:12 . Memory (MB): peak = 1107.277 ; gain = 0.000
update_compile_order -fileset sources_1
WARNING: [filemgmt 56-199] Attempt to get parsing info during refresh. "On-the-fly" syntax checking information may be incorrect. [R:\Desktop\SED2\VGA\VGA.srcs\sources_1\new\rom1b_1f_imagenes16_16x16_bn_t.vhd:]
WARNING: [filemgmt 56-199] Attempt to get parsing info during refresh. "On-the-fly" syntax checking information may be incorrect. [R:\Desktop\SED2\VGA\VGA.srcs\sources_1\imports\VGA\rom1b_blue_imagenes16_16x16.vhd:]
WARNING: [filemgmt 56-199] Attempt to get parsing info during refresh. "On-the-fly" syntax checking information may be incorrect. [R:\Desktop\SED2\VGA\VGA.srcs\sources_1\imports\VGA\rom1b_green_imagenes16_16x16.vhd:]
WARNING: [filemgmt 56-199] Attempt to get parsing info during refresh. "On-the-fly" syntax checking information may be incorrect. [R:\Desktop\SED2\VGA\pinta_barras.vhd:]
WARNING: [filemgmt 56-199] Attempt to get parsing info during refresh. "On-the-fly" syntax checking information may be incorrect. [R:\Desktop\SED2\VGA\VGA.srcs\sources_1\new\Top_VGA.vhd:]
reset_run synth_1
launch_runs impl_1 -to_step write_bitstream -jobs 4
[Mon Dec  2 11:40:08 2024] Launched synth_1...
Run output will be captured here: R:/Desktop/SED2/VGA/VGA.runs/synth_1/runme.log
[Mon Dec  2 11:40:09 2024] Launched impl_1...
Run output will be captured here: R:/Desktop/SED2/VGA/VGA.runs/impl_1/runme.log
