srcscan starts
=============== Using vdb files for VHDL std libs ===========
INFO: The vhdl library search path for library "std" is now "C:/Xilinx/Vivado/2020.2/data/precomp_hsv/vhdl/std" (VHDL-1505)
INFO: The vhdl library search path for library "synopsys" is now "C:/Xilinx/Vivado/2020.2/data/precomp_hsv/vhdl/synopsys" (VHDL-1505)
INFO: The vhdl library search path for library "ieee" is now "C:/Xilinx/Vivado/2020.2/data/precomp_hsv/vhdl/ieee" (VHDL-1505)
INFO: The vhdl library search path for library "unimacro" is now "C:/Xilinx/Vivado/2020.2/data/precomp_hsv/vhdl/unimacro" (VHDL-1505)
INFO: The vhdl library search path for library "unisim" is now "C:/Xilinx/Vivado/2020.2/data/precomp_hsv/vhdl/unisim" (VHDL-1505)
INFO: The vhdl library search path for library "vl" is now "C:/Xilinx/Vivado/2020.2/data/precomp_hsv/vhdl/vl" (VHDL-1505)
INFO: The vhdl library search path for library "xpm" is now "C:/Xilinx/Vivado/2020.2/data/precomp_hsv/vhdl/xpm" (VHDL-1505)
-- Analyzing VHDL file "R:/Desktop/SED2/VGA/ContadorUp_Down.vhd" into library xil_defaultlib (VHDL-9003)
INFO: analyzing entity 'ContadorUp_Down' (VHDL-1012)
INFO: analyzing architecture 'Behavioral' of entity 'contadorup_down' (VHDL-9006)
-- Analyzing VHDL file "R:/Desktop/SED2/VGA/VGA.srcs/sources_1/new/MEghost.vhd" into library xil_defaultlib (VHDL-9003)
INFO: analyzing entity 'MEghost' (VHDL-1012)
R:/Desktop/SED2/VGA/VGA.srcs/sources_1/new/MEghost.vhd(36): INFO: The direction of input port <en> is not explicitly declared. This is valid but affects code readability (VHDL-9018)
INFO: analyzing architecture 'Behavioral' of entity 'meghost' (VHDL-9006)
-- Analyzing VHDL file "R:/Desktop/SED2/VGA/VGA.srcs/sources_1/imports/Desktop/pkg_racetrack.vhd" into library xil_defaultlib (VHDL-9003)
INFO: analyzing package 'racetrack_pkg'

-- Analyzing VHDL file "R:/Desktop/SED2/VGA/VGA.srcs/sources_1/new/PosicionPACman.vhd" into library xil_defaultlib (VHDL-9003)
INFO: analyzing entity 'PosicionPACman' (VHDL-1012)
INFO: analyzing architecture 'Behavioral' of entity 'posicionpacman' (VHDL-9006)
-- Analyzing VHDL file "R:/Desktop/SED2/VGA/VGA.srcs/sources_1/new/RotacionPSJ.vhd" into library xil_defaultlib (VHDL-9003)
INFO: analyzing entity 'RotacionPSJ' (VHDL-1012)
INFO: analyzing architecture 'Behavioral' of entity 'rotacionpsj' (VHDL-9006)
-- Analyzing VHDL file "R:/Desktop/SED2/VGA/VGA.srcs/sources_1/new/Top_VGA.vhd" into library xil_defaultlib (VHDL-9003)
INFO: analyzing entity 'Top_VGA' (VHDL-1012)
INFO: analyzing architecture 'Behavioral' of entity 'top_vga' (VHDL-9006)
-- Analyzing VHDL file "R:/Desktop/SED2/VGA/VGA.srcs/sources_1/new/cloclk_gen.vhd" into library xil_defaultlib (VHDL-9003)
INFO: analyzing entity 'clock_gen' (VHDL-1012)
INFO: analyzing architecture 'Behavioral' of entity 'clock_gen' (VHDL-9006)
-- Analyzing VHDL file "R:/Desktop/SED2/VGA/hdmi_tmds_encoder.vhd" into library xil_defaultlib (VHDL-9003)
INFO: analyzing entity 'hdmi_tmds_encoder' (VHDL-1012)
INFO: analyzing architecture 'rtl' of entity 'hdmi_tmds_encoder' (VHDL-9006)
-- Analyzing VHDL file "R:/Desktop/SED2/VGA/hdmi_serializer.vhd" into library xil_defaultlib (VHDL-9003)
INFO: analyzing entity 'hdmi_serializer' (VHDL-1012)
INFO: analyzing architecture 'rtl' of entity 'hdmi_serializer' (VHDL-9006)
-- Analyzing VHDL file "R:/Desktop/SED2/VGA/hdmi_rgb2tmds.vhd" into library xil_defaultlib (VHDL-9003)
INFO: analyzing entity 'hdmi_rgb2tmds' (VHDL-1012)
INFO: analyzing architecture 'rtl' of entity 'hdmi_rgb2tmds' (VHDL-9006)
-- Analyzing VHDL file "R:/Desktop/SED2/VGA/pinta_barras.vhd" into library xil_defaultlib (VHDL-9003)
INFO: analyzing entity 'pinta_barras' (VHDL-1012)
INFO: analyzing architecture 'behavioral' of entity 'pinta_barras' (VHDL-9006)
-- Analyzing VHDL file "R:/Desktop/SED2/VGA/VGA.srcs/sources_1/new/rom1b_1f_imagenes16_16x16_bn_t.vhd" into library xil_defaultlib (VHDL-9003)
INFO: analyzing entity 'ROM1b_1f_imagenes16_16x16_bn' (VHDL-1012)
INFO: analyzing architecture 'BEHAVIORAL' of entity 'rom1b_1f_imagenes16_16x16_bn' (VHDL-9006)
-- Analyzing VHDL file "R:/Desktop/SED2/VGA/VGA.srcs/sources_1/imports/Desktop/rom1b_1f_racetrack_1_t_32x30.vhd" into library xil_defaultlib (VHDL-9003)
INFO: analyzing entity 'ROM1b_1f_racetrack_1' (VHDL-1012)
INFO: analyzing architecture 'BEHAVIORAL' of entity 'rom1b_1f_racetrack_1' (VHDL-9006)
-- Analyzing VHDL file "R:/Desktop/SED2/VGA/VGA.srcs/sources_1/imports/VGA/rom1b_blue_imagenes16_16x16.vhd" into library xil_defaultlib (VHDL-9003)
INFO: analyzing entity 'ROM1b_1f_blue_imagenes16_16x16' (VHDL-1012)
INFO: analyzing architecture 'BEHAVIORAL' of entity 'rom1b_1f_blue_imagenes16_16x16' (VHDL-9006)
-- Analyzing VHDL file "R:/Desktop/SED2/VGA/VGA.srcs/sources_1/imports/VGA/rom1b_blue_racetrack_1.vhd" into library xil_defaultlib (VHDL-9003)
INFO: analyzing entity 'ROM1b_1f_blue_racetrack_1' (VHDL-1012)
INFO: analyzing architecture 'BEHAVIORAL' of entity 'rom1b_1f_blue_racetrack_1' (VHDL-9006)
-- Analyzing VHDL file "R:/Desktop/SED2/VGA/VGA.srcs/sources_1/imports/VGA/rom1b_green_imagenes16_16x16.vhd" into library xil_defaultlib (VHDL-9003)
INFO: analyzing entity 'ROM1b_1f_green_imagenes16_16x16' (VHDL-1012)
INFO: analyzing architecture 'BEHAVIORAL' of entity 'rom1b_1f_green_imagenes16_16x16' (VHDL-9006)
-- Analyzing VHDL file "R:/Desktop/SED2/VGA/VGA.srcs/sources_1/imports/VGA/rom1b_green_racetrack_1.vhd" into library xil_defaultlib (VHDL-9003)
INFO: analyzing entity 'ROM1b_1f_green_racetrack_1' (VHDL-1012)
INFO: analyzing architecture 'BEHAVIORAL' of entity 'rom1b_1f_green_racetrack_1' (VHDL-9006)
-- Analyzing VHDL file "R:/Desktop/SED2/VGA/VGA.srcs/sources_1/imports/VGA/rom1b_red_imagenes16_16x16.vhd" into library xil_defaultlib (VHDL-9003)
INFO: analyzing entity 'ROM1b_1f_red_imagenes16_16x16' (VHDL-1012)
INFO: analyzing architecture 'BEHAVIORAL' of entity 'rom1b_1f_red_imagenes16_16x16' (VHDL-9006)
-- Analyzing VHDL file "R:/Desktop/SED2/VGA/VGA.srcs/sources_1/new/sync_vga.vhd" into library xil_defaultlib (VHDL-9003)
INFO: analyzing entity 'sync_vga' (VHDL-1012)
INFO: analyzing architecture 'Behavioral' of entity 'sync_vga' (VHDL-9006)
Listing tops:
VHDLTop: library:xil_defaultlib entity:top_vga arch:
VHDLTop: library:xil_defaultlib entity:top_vga arch:
END of tops
R:/Desktop/SED2/VGA/VGA.srcs/sources_1/new/Top_VGA.vhd(34): INFO: executing 'Top_VGA_default(Behavioral)' (VHDL-1067)
R:/Desktop/SED2/VGA/VGA.srcs/sources_1/new/cloclk_gen.vhd(34): INFO: executing 'clock_gen_default(Behavioral)' (VHDL-1067)
R:/Desktop/SED2/VGA/VGA.srcs/sources_1/new/sync_vga.vhd(34): INFO: executing 'sync_vga_default(Behavioral)' (VHDL-1067)
R:/Desktop/SED2/VGA/ContadorUp_Down.vhd(34): INFO: executing '\ContadorUp_Down(n_bits=10,max_valor=800)\(Behavioral)' (VHDL-1067)
R:/Desktop/SED2/VGA/ContadorUp_Down.vhd(34): INFO: executing '\ContadorUp_Down(n_bits=10,max_valor=525)\(Behavioral)' (VHDL-1067)
R:/Desktop/SED2/VGA/pinta_barras.vhd(13): INFO: executing 'pinta_barras_default(behavioral)' (VHDL-1067)
R:/Desktop/SED2/VGA/hdmi_rgb2tmds.vhd(4): INFO: executing 'hdmi_rgb2tmds_default(rtl)' (VHDL-1067)
R:/Desktop/SED2/VGA/hdmi_tmds_encoder.vhd(5): INFO: executing 'hdmi_tmds_encoder_default(rtl)' (VHDL-1067)
R:/Desktop/SED2/VGA/hdmi_serializer.vhd(6): INFO: executing 'hdmi_serializer_default(rtl)' (VHDL-1067)
R:/Desktop/SED2/VGA/VGA.srcs/sources_1/new/PosicionPACman.vhd(36): INFO: executing 'PosicionPACman_default(Behavioral)' (VHDL-1067)
R:/Desktop/SED2/VGA/ContadorUp_Down.vhd(34): INFO: executing '\ContadorUp_Down(n_bits=5,max_valor=32)\(Behavioral)' (VHDL-1067)
R:/Desktop/SED2/VGA/ContadorUp_Down.vhd(34): INFO: executing '\ContadorUp_Down(n_bits=5,max_valor=30)\(Behavioral)' (VHDL-1067)
R:/Desktop/SED2/VGA/ContadorUp_Down.vhd(34): INFO: executing '\ContadorUp_Down(n_bits=22,max_valor=2500000)\(Behavioral)' (VHDL-1067)
R:/Desktop/SED2/VGA/ContadorUp_Down.vhd(34): INFO: executing '\ContadorUp_Down(n_bits=3,max_valor=5)\(Behavioral)' (VHDL-1067)
R:/Desktop/SED2/VGA/VGA.srcs/sources_1/new/RotacionPSJ.vhd(34): INFO: executing 'RotacionPSJ_default(Behavioral)' (VHDL-1067)
R:/Desktop/SED2/VGA/VGA.srcs/sources_1/new/MEghost.vhd(34): INFO: executing 'MEghost_default(Behavioral)' (VHDL-1067)
R:/Desktop/SED2/VGA/VGA.srcs/sources_1/new/rom1b_1f_imagenes16_16x16_bn_t.vhd(28): INFO: executing 'ROM1b_1f_imagenes16_16x16_bn_default(BEHAVIORAL)' (VHDL-1067)
R:/Desktop/SED2/VGA/VGA.srcs/sources_1/imports/VGA/rom1b_blue_imagenes16_16x16.vhd(28): INFO: executing 'ROM1b_1f_blue_imagenes16_16x16_default(BEHAVIORAL)' (VHDL-1067)
R:/Desktop/SED2/VGA/VGA.srcs/sources_1/imports/VGA/rom1b_green_imagenes16_16x16.vhd(28): INFO: executing 'ROM1b_1f_green_imagenes16_16x16_default(BEHAVIORAL)' (VHDL-1067)
R:/Desktop/SED2/VGA/VGA.srcs/sources_1/imports/VGA/rom1b_red_imagenes16_16x16.vhd(28): INFO: executing 'ROM1b_1f_red_imagenes16_16x16_default(BEHAVIORAL)' (VHDL-1067)
R:/Desktop/SED2/VGA/VGA.srcs/sources_1/imports/Desktop/rom1b_1f_racetrack_1_t_32x30.vhd(28): INFO: executing 'ROM1b_1f_racetrack_1_default(BEHAVIORAL)' (VHDL-1067)
R:/Desktop/SED2/VGA/VGA.srcs/sources_1/imports/VGA/rom1b_green_racetrack_1.vhd(28): INFO: executing 'ROM1b_1f_green_racetrack_1_default(BEHAVIORAL)' (VHDL-1067)
R:/Desktop/SED2/VGA/VGA.srcs/sources_1/imports/VGA/rom1b_blue_racetrack_1.vhd(28): INFO: executing 'ROM1b_1f_blue_racetrack_1_default(BEHAVIORAL)' (VHDL-1067)
srcscan exits with return value 0
